2025-08-20 17:15:01,668 - INFO - Load the best ResNet50 model as the feature extractor...
2025-08-20 17:15:02,027 - INFO - Feature extractor loaded successfully.
2025-08-20 17:15:02,027 - INFO - Starting Step 1: Start extracting features of the training and validation sets...
2025-08-20 17:15:37,184 - INFO - Extraction completed. Number of training set features: 4190
2025-08-20 17:15:37,184 - INFO - Extraction completed. Number of validation set features: 2625
2025-08-20 17:15:37,184 - INFO - Starting Step 2: Training the SVM brain or classifier...
2025-08-20 17:15:37,543 - INFO - SVM training completed.
2025-08-20 17:15:37,562 - INFO - Starting Step 3: Evaluating the SVM classifier on validation data...
2025-08-20 17:15:37,668 - INFO - ResNet50 + SVM Hybrid Model Validation Accuracy: 0.9893
2025-08-20 17:20:21,246 - INFO - Load the best ResNet50 model as the feature extractor...
2025-08-20 17:20:21,594 - INFO - Feature extractor loaded successfully.
2025-08-20 17:20:21,594 - INFO - Starting Step 1: Start extracting features of the training and validation sets...
2025-08-20 17:20:57,163 - INFO - Extraction completed. Number of training set features: 4190
2025-08-20 17:20:57,163 - INFO - Extraction completed. Number of validation set features: 2625
2025-08-20 17:20:57,163 - INFO - Starting Step 2: Training the SVM brain or classifier...
2025-08-20 17:20:57,535 - INFO - SVM training completed.
2025-08-20 17:20:57,535 - INFO - Starting Step 3: Evaluating the SVM classifier on validation data...
2025-08-20 17:20:57,638 - INFO - ResNet50 + SVM Hybrid Model Validation Accuracy: 0.9893
2025-08-20 20:37:48,592 - INFO - Load the best ResNet50 model as the feature extractor...
2025-08-20 20:37:48,965 - INFO - Feature extractor loaded successfully.
2025-08-20 20:37:48,966 - INFO - Starting Step 1: Start extracting features of the training and validation sets...
2025-08-20 20:38:24,156 - INFO - Extraction completed. Number of training set features: 4190
2025-08-20 20:38:24,156 - INFO - Extraction completed. Number of validation set features: 2625
2025-08-20 20:38:24,156 - INFO - Starting Step 2: Training the SVM brain or classifier...
2025-08-20 20:38:24,520 - INFO - SVM training completed.
2025-08-20 20:38:24,520 - INFO - Starting Step 3: Evaluating the SVM classifier on validation data...
2025-08-20 20:38:24,617 - INFO - ResNet50 + SVM Hybrid Model Validation Accuracy: 0.9882
